C51 COMPILER V9.03   ADC                                                                   03/31/2012 17:05:13 PAGE 1   


C51 COMPILER V9.03, COMPILATION OF MODULE ADC
OBJECT MODULE PLACED IN ADC.OBJ
COMPILER INVOKED BY: C:\Keil\C51\BIN\C51.EXE ADC.c LARGE BROWSE DEBUG OBJECTEXTEND

line level    source

   1          
   2          #define  ADC_GLOBALS
   3          #include <includes.h>
   4          
   5          
   6          /*****************************************************************************
   7          函数名称: ADC_Init
   8          函数功能: ADC初始化
   9          输入参数: ADC通道号
  10          输出参数: 无
  11          ****************************************************************************/
  12          void ADC_Init()
  13          {
  14   1        INT8U i;
  15   1              P1M0 = 0x01;                //P1.0为开漏，其余I/O为传统口
  16   1        P1M1 = 0x01;
  17   1        ADC_CONTR =CN_INIT_ADC;     //0x80,选第一路ADC P1.0，并开启ADC电源,速率为840个时钟周期
  18   1        
  19   1        LED_delay_time(5);          //开A/D转换电源后要加延时，1ms以内就足够了
  20   1        AUXR=CN_INIT_AUXR;          //0x10,t0,t1为传统定时器,UART为传统速率,EADCI=1,ESPI=0,ELVDI=0
  21   1        EADC_SPI=1;
  22   1        ADC_DATA = 0;
  23   1              //ADC_LOW2 = 0;
  24   1        
  25   1        for(i=0;i<ADC_BUF_SIZE;i++)              //清空AD转换数据缓存
  26   1        {
  27   2              ADBuf[i]=0xff;          //防止计算后出来负值
  28   2        }
  29   1        PointADC=0;
  30   1        ADC_ArrIbub(ADBuf,ADC_BUF_SIZE);
  31   1      }
  32          
  33          
  34          /*****************************************************************************
  35          函数名称: ArrIbub
  36          函数功能: 数组排序函数
  37          输入参数: 数组指针,排序数量
  38          输出参数: 无
  39          ****************************************************************************/
  40          void ADC_ArrIbub(INT8U p[],INT8U n)                         //数组排序函数
  41          {
  42   1              INT8U m,k,j,i;
  43   1              INT8U d;
  44   1              k=0;
  45   1              m=n-1;
  46   1              while(k<m)
  47   1              {
  48   2                      j=m-1;
  49   2                      m=0;
  50   2                      for(i=k;i<=j;i++)
  51   2                      {
  52   3                              if(p[i]>p[i+1])
  53   3                              {
  54   4                                      d=p[i];
  55   4                                      p[i]=p[i+1];
C51 COMPILER V9.03   ADC                                                                   03/31/2012 17:05:13 PAGE 2   

  56   4                                      p[i+1]=d;
  57   4                                      m=i;
  58   4                              }
  59   3                      }
  60   2                      j=k+1;
  61   2                      k=0;
  62   2                      for(i=m;i>=j;i--)
  63   2                      {
  64   3                              if(p[i-1]>p[i])
  65   3                              {
  66   4                                      d=p[i];
  67   4                                      p[i]=p[i-1];
  68   4                                      p[i-1]=d;
  69   4                                      k=i;
  70   4                              }
  71   3                      }
  72   2              }
  73   1      }


MODULE INFORMATION:   STATIC OVERLAYABLE
   CODE SIZE        =    375    ----
   CONSTANT SIZE    =   ----    ----
   XDATA SIZE       =     66       8
   PDATA SIZE       =   ----    ----
   DATA SIZE        =   ----    ----
   IDATA SIZE       =   ----    ----
   BIT SIZE         =   ----    ----
END OF MODULE INFORMATION.


C51 COMPILATION COMPLETE.  0 WARNING(S),  0 ERROR(S)
