C51 COMPILER V9.03   PRO                                                                   03/31/2012 17:05:13 PAGE 1   


C51 COMPILER V9.03, COMPILATION OF MODULE PRO
OBJECT MODULE PLACED IN PRO.OBJ
COMPILER INVOKED BY: C:\Keil\C51\BIN\C51.EXE PRO.C LARGE BROWSE DEBUG OBJECTEXTEND

line level    source

   1          #define  PROCE_GLOBALS
   2          #include <includes.h>
   3          
   4          
   5          #define  _Nop()  _nop_()
   6          
   7          unsigned char ArrCompare(unsigned char *p1,unsigned char *p2,unsigned char Len)                //±È½ÏÁ½Êý×
             -éÊÇ·ñÏàµÈ
   8          {
   9   1              int i;
  10   1              unsigned char fEQU=1;
  11   1              unsigned char a1,a2;
  12   1              for(i=0;i<Len;i++)
  13   1              {
  14   2                      a1=*(p1+i);
  15   2                      a2=*(p2+i);
  16   2                      if(a1!=a2)fEQU=0;
  17   2              }
  18   1              return(fEQU);
  19   1      }
  20          
  21          ///////////////////////////////////////////////
  22          //=====================================
  23          //delay t*5ms
  24          //=====================================
  25          void delay (unsigned char t)
  26          {
  27   1        clk0=0;
  28   1        while (clk0<t)
  29   1            {
  30   2              WDG_CONTR=0x3d;  //Î¹¹· 1.13s
  31   2              _nop_();
  32   2              _nop_();
  33   2              _nop_();
  34   2            }
  35   1      }
  36          //=================================
  37          void MOTO(unsigned char type)
  38          {
  39   1        switch  (type)
  40   1          {
  41   2                case 1:{PIN_IA=0;PIN_IB=1;}break;
  42   2                case 2:{PIN_IA=1;PIN_IB=0;}break;
  43   2          case 3:{PIN_IA=1;PIN_IB=1;}break;
  44   2                default:{PIN_IA=0;PIN_IB=0;}break;
  45   2              }
  46   1      }
  47          //============================
  48          void power(bit type)
  49          {
  50   1        INT32U i_32u;
  51   1        INT8U  i,j;
  52   1        if (type){PIN_PWR=1;}
  53   1        else
  54   1        {
C51 COMPILER V9.03   PRO                                                                   03/31/2012 17:05:13 PAGE 2   

  55   2              for(i=0;i<ADC_BUF_SIZE;i++)           //ADÊý¾ÝÂË²¨´¦Àí
  56   2          {
  57   3              ADCBuf[i]=ADBuf[i];
  58   3          }
  59   2          ADC_ArrIbub(ADCBuf,ADC_BUF_SIZE);
  60   2                i_32u=0;
  61   2          for(i=ADC_BUF_TIAL;i<(ADC_BUF_SIZE-ADC_BUF_TIAL);i++)
  62   2          {
  63   3              i_32u+=ADCBuf[i];
  64   3          }
  65   2          i_32u=i_32u/(ADC_BUF_SIZE-2*ADC_BUF_TIAL);
  66   2          j=i_32u;
  67   2          if(j<ADCrackDat)
  68   2          {
  69   3              GreenOff();
  70   3              RedOn();
  71   3              //Clear_Timer();
  72   3              for(i=0;i<10;i++)
  73   3              {
  74   4                      BuzzerCTL(3,80);
  75   4                      LED_delay_time(633);
  76   4                      WDG_CONTR=0x3d;  //Î¹¹· 1.13s
  77   4              }
  78   3              BuzzerCTL(7,80);
  79   3              RedOff();
  80   3            GreenOff();
  81   3            
  82   3              PIN_PWR=0;
  83   3            while(1);
  84   3          }
  85   2          //Clear_Timer();
  86   2          //while(Second<=3)      //3Ãëºó²»¹ØÃÅÔò±¨¾¯
  87   2          //{
  88   2          //  WDG_CONTR=0x3d;  //Î¹¹· 1.13s
  89   2          //}
  90   2          RedOff();
  91   2          GreenOff();
  92   2          
  93   2          BuzzerCTL(1,1000);
  94   2              PIN_PWR=0;
  95   2          while(1);
  96   2        }
  97   1      }
  98          
  99          void Err_power(bit type)
 100          {
 101   1        //INT32U i_32u;
 102   1        //INT8U  i,j;
 103   1        if (type){PIN_PWR=1;}
 104   1        else
 105   1        {
 106   2          Clear_Timer();
 107   2          RedOff();
 108   2          GreenOff();
 109   2          
 110   2          PIN_PWR=0;
 111   2          while(1);
 112   2        }
 113   1      }
 114          
 115          
 116          //============================
C51 COMPILER V9.03   PRO                                                                   03/31/2012 17:05:13 PAGE 3   

 117          
 118          //
 119          /*******************************************************************************/
 120          //ÏÂÎ»»úÉÁµÆ¿ØÖÆ
 121          /*******************************************************************************/
 122          void RedOn()
 123          {
 124   1        PIN_RLED=0;
 125   1      }
 126          /*******************************************************************************/
 127          void RedOff( )
 128          {
 129   1        PIN_RLED=1;
 130   1      }
 131          /*******************************************************************************/
 132          void GreenOn( )
 133          {
 134   1        PIN_GLED=0;
 135   1      }
 136          /*******************************************************************************/
 137          void GreenOff( )
 138          {
 139   1        PIN_GLED=1;
 140   1      }
 141          //*******************************************************************
 142          void LED_delay_time(unsigned int LEDtime)
 143          {
 144   1       int i,j;
 145   1       for (i=0;i<LEDtime;i++)
 146   1       {
 147   2         for (j=0;j<1000;j++)
 148   2         {
 149   3              WDG_CONTR=0x3d;  //Î¹¹· 1.13s
 150   3         }//for (j=0;j<500;j++){;}
 151   2       }
 152   1      }
 153          //*******************************************************************
 154          void LED_Red_Flash(unsigned char Flash_Number,unsigned int LEDtime)
 155          {
 156   1       int i;
 157   1       for (i=0;i<Flash_Number;i++)
 158   1       {
 159   2           RedOn();
 160   2           LED_delay_time(LEDtime);
 161   2           WDG_CONTR=0x3d;  //Î¹¹· 1.13s
 162   2           RedOff();
 163   2           LED_delay_time(LEDtime);
 164   2           WDG_CONTR=0x3d;  //Î¹¹· 1.13s
 165   2       }
 166   1      }
 167          //*******************************************************************
 168          //LED_Green_Flash(unsigned char Flash_Number,unsigned int LEDtime)
 169          //{
 170          // int i;
 171          // for (i=0;i<Flash_Number;i++)
 172          // {
 173          //     GreenOn();
 174          //     LED_delay_time(LEDtime);
 175          //     GreenOff();
 176          //     LED_delay_time(LEDtime);
 177          // }
 178          //}
C51 COMPILER V9.03   PRO                                                                   03/31/2012 17:05:13 PAGE 4   

 179          
 180          //*******************************************************************
 181          void LED_each_Flash(unsigned char Flash_Number,unsigned int LEDtime)
 182          {
 183   1       int i;
 184   1       for (i=0;i<Flash_Number;i++)
 185   1       {
 186   2           RedOn();
 187   2           GreenOff();
 188   2           LED_delay_time(LEDtime);
 189   2           RedOff();
 190   2           GreenOn();
 191   2           LED_delay_time(LEDtime);
 192   2       }
 193   1           GreenOff();
 194   1      }
 195          /*******************************************************************************/
 196          //·äÃùÆ÷¿ØÖÆ³ÌÐò
 197          /**********************************************************************************************/
 198          void BuzzerOn()
 199          {
 200   1        PIN_BUZ=1;
 201   1      }
 202          /*******************************************************************/
 203          void BuzzerOff()
 204          {
 205   1        PIN_BUZ=0;
 206   1      }
 207          /*******************************************************************/
 208          void Buzzer_delay_time(unsigned int  Delaytime)
 209          {
 210   1       int i,j;
 211   1       for (i=0;i<Delaytime;i++)
 212   1       {
 213   2              for (j=0;j<1500;j++)
 214   2              {
 215   3                      WDG_CONTR=0x3d;  //Î¹¹· 1.13s;
 216   3              }
 217   2       }
 218   1      }
 219          /*******************************************************************/
 220          void BuzzerCTL(unsigned char Bell_Number,unsigned int DelayTime)
 221          {
 222   1       int i;
 223   1       for (i=0;i<Bell_Number;i++)
 224   1       {
 225   2           BuzzerOn();
 226   2           Buzzer_delay_time(DelayTime);
 227   2           BuzzerOff();
 228   2           Buzzer_delay_time(DelayTime);
 229   2       }
 230   1      }
 231          /*******************************************************************/
 232          /*******************************************************************/
 233          //µÆºÍ·äÃùÆ÷Í¬Ê±¹¤×÷
 234          /*******************************************************************/
 235          void RedBuzzerCTL(unsigned char Number,unsigned int DelayTime)
 236          {
 237   1       int i;
 238   1       for (i=0;i<Number;i++)
 239   1       {
 240   2           BuzzerOn();
C51 COMPILER V9.03   PRO                                                                   03/31/2012 17:05:13 PAGE 5   

 241   2           RedOn();
 242   2           Buzzer_delay_time(DelayTime);
 243   2           BuzzerOff();
 244   2           RedOff();
 245   2           Buzzer_delay_time(DelayTime);
 246   2       }
 247   1      }
 248          /*******************************************************************/
 249          void GreenBuzzerCTL(unsigned char Number,unsigned int DelayTime)
 250          {
 251   1       int i;
 252   1       for (i=0;i<Number;i++)
 253   1       {
 254   2           BuzzerOn();
 255   2           GreenOn();
 256   2           Buzzer_delay_time(DelayTime);
 257   2           BuzzerOff();
 258   2           GreenOff();
 259   2           Buzzer_delay_time(DelayTime);
 260   2       }
 261   1      }
 262          /*******************************************************************/
 263          void RedGreenBuzzerCTL(unsigned char Number,unsigned int DelayTime)
 264          {
 265   1       int i;
 266   1       for (i=0;i<Number;i++)
 267   1       {
 268   2              BuzzerOn();
 269   2              RedOn();
 270   2        GreenOn();
 271   2        Buzzer_delay_time(DelayTime);
 272   2        BuzzerOff();
 273   2              RedOff();
 274   2              GreenOff();
 275   2        Buzzer_delay_time(DelayTime);
 276   2       }
 277   1      }
 278          
 279          
 280          //********ÏµÍ³³õÊ¼»¯**************************************************
 281          void systeminit(void)
 282          {
 283   1       MOTO(0);
 284   1       power(on);
 285   1       //LED_delay_time(200);
 286   1        clk0=0;
 287   1       //BuzzerOn();
 288   1       RedOff();
 289   1       GreenOn();
 290   1       while (clk0<10) { _nop_(); };
 291   1       GreenOff();
 292   1       BuzzerOff();
 293   1      }
 294          
 295          //============================
 296          //Open the door
 297          //============================
 298          void OpenDoor(void)
 299          {
 300   1        //RedOn();
 301   1        GreenOn();
 302   1        MOTO(1);
C51 COMPILER V9.03   PRO                                                                   03/31/2012 17:05:13 PAGE 6   

 303   1        LED_delay_time(200);
 304   1        LED_delay_time(200);
 305   1        LED_delay_time(200);
 306   1        //LED_delay_time(200);
 307   1        //LED_delay_time(200);
 308   1        //LED_delay_time(200);
 309   1        //LED_delay_time(200);
 310   1        //MOTO(3);
 311   1        //LED_delay_time(10);
 312   1        MOTO(0);
 313   1        LED_delay_time(10);
 314   1        GreenOff();
 315   1        //RedOff();
 316   1      }
 317          //============================
 318          //Close the door
 319          //============================
 320          //---------------------------------------------------
 321          void CloseDoor(void)
 322          {
 323   1        //RedOn();
 324   1        GreenOn();
 325   1        MOTO(2);
 326   1        LED_delay_time(200);
 327   1        LED_delay_time(200);
 328   1        LED_delay_time(200);
 329   1        //LED_delay_time(200);
 330   1        //LED_delay_time(200);
 331   1        //LED_delay_time(200);
 332   1        //LED_delay_time(200);
 333   1        //MOTO(3);
 334   1        //LED_delay_time(10);
 335   1        MOTO(0);
 336   1        LED_delay_time(10);
 337   1        //RedOff();
 338   1        GreenOff();
 339   1      }


MODULE INFORMATION:   STATIC OVERLAYABLE
   CODE SIZE        =   1088    ----
   CONSTANT SIZE    =   ----    ----
   XDATA SIZE       =   ----      38
   PDATA SIZE       =   ----    ----
   DATA SIZE        =   ----    ----
   IDATA SIZE       =   ----    ----
   BIT SIZE         =   ----       2
END OF MODULE INFORMATION.


C51 COMPILATION COMPLETE.  0 WARNING(S),  0 ERROR(S)
